<?xml version="1.0" encoding="utf-8" standalone="no"?>
<!--This file represents the results of running a test suite-->
<test-results name="/app/bin/Debug/OpenHardwareMonitorLib.Tests.dll" total="3" errors="0" failures="0" not-run="0" inconclusive="0" ignored="0" skipped="0" invalid="0" date="2026-07-23" time="07:03:35">
  <environment nunit-version="2.6.4.0" clr-version="4.0.30319.42000" os-version="Unix 6.8.0.0" platform="Unix" cwd="/app" machine-name="devbox" user="jules" user-domain="devbox" />
  <culture-info current-culture="" current-uiculture="" />
  <test-suite type="Assembly" name="/app/bin/Debug/OpenHardwareMonitorLib.Tests.dll" executed="True" result="Success" success="True" time="0.044" asserts="0">
    <results>
      <test-suite type="Namespace" name="OpenHardwareMonitor" executed="True" result="Success" success="True" time="0.037" asserts="0">
        <results>
          <test-suite type="Namespace" name="Hardware" executed="True" result="Success" success="True" time="0.037" asserts="0">
            <results>
              <test-suite type="Namespace" name="Mainboard" executed="True" result="Success" success="True" time="0.037" asserts="0">
                <results>
                  <test-suite type="Namespace" name="Tests" executed="True" result="Success" success="True" time="0.036" asserts="0">
                    <results>
                      <test-suite type="TestFixture" name="IdentificationTest" executed="True" result="Success" success="True" time="0.035" asserts="0">
                        <results>
                          <test-case name="OpenHardwareMonitor.Hardware.Mainboard.Tests.IdentificationTest.GetManufacturer_KnownName_ReturnsCorrectManufacturer" executed="True" result="Success" success="True" time="0.025" asserts="11" />
                          <test-case name="OpenHardwareMonitor.Hardware.Mainboard.Tests.IdentificationTest.GetManufacturer_OEMName_ReturnsUnknown" executed="True" result="Success" success="True" time="0.000" asserts="1" />
                          <test-case name="OpenHardwareMonitor.Hardware.Mainboard.Tests.IdentificationTest.GetManufacturer_UnknownName_ReturnsUnknown" executed="True" result="Success" success="True" time="0.000" asserts="3" />
                        </results>
                      </test-suite>
                    </results>
                  </test-suite>
                </results>
              </test-suite>
            </results>
          </test-suite>
        </results>
      </test-suite>
    </results>
  </test-suite>
</test-results>